Sat Nov 17 2018 21:26:51 GMT-0600 (Central Standard Time): GET /females
Sat Nov 17 2018 21:32:06 GMT-0600 (Central Standard Time): GET /females
Sat Nov 17 2018 21:32:52 GMT-0600 (Central Standard Time): GET /females
Sat Nov 17 2018 21:33:02 GMT-0600 (Central Standard Time): GET /females
Sat Nov 17 2018 21:33:19 GMT-0600 (Central Standard Time): GET /females
Mon Nov 26 2018 10:15:28 GMT-0600 (Central Standard Time): GET /
Mon Nov 26 2018 10:19:35 GMT-0600 (Central Standard Time): GET /
Mon Nov 26 2018 10:19:53 GMT-0600 (Central Standard Time): GET /sires
Mon Nov 26 2018 10:20:06 GMT-0600 (Central Standard Time): GET /sires
Mon Nov 26 2018 10:20:55 GMT-0600 (Central Standard Time): GET /
Mon Nov 26 2018 10:20:57 GMT-0600 (Central Standard Time): GET /sires
Mon Nov 26 2018 10:39:22 GMT-0600 (Central Standard Time): GET /
Mon Nov 26 2018 11:06:17 GMT-0600 (Central Standard Time): GET /
Mon Nov 26 2018 11:06:20 GMT-0600 (Central Standard Time): GET /sires
Mon Nov 26 2018 11:06:25 GMT-0600 (Central Standard Time): GET /sires
Mon Nov 26 2018 11:06:50 GMT-0600 (Central Standard Time): GET /sires
Mon Nov 26 2018 11:06:52 GMT-0600 (Central Standard Time): GET /sires
Mon Nov 26 2018 11:08:07 GMT-0600 (Central Standard Time): GET /
Mon Nov 26 2018 11:10:42 GMT-0600 (Central Standard Time): GET /
Mon Nov 26 2018 11:13:43 GMT-0600 (Central Standard Time): GET /
Mon Nov 26 2018 11:13:53 GMT-0600 (Central Standard Time): GET /sires
Mon Nov 26 2018 11:14:05 GMT-0600 (Central Standard Time): GET /sires
Mon Nov 26 2018 11:14:38 GMT-0600 (Central Standard Time): GET /sires
Mon Nov 26 2018 11:14:48 GMT-0600 (Central Standard Time): GET /sires
Mon Nov 26 2018 11:15:18 GMT-0600 (Central Standard Time): GET /sires
Mon Nov 26 2018 11:15:40 GMT-0600 (Central Standard Time): GET /sires
Mon Nov 26 2018 11:16:20 GMT-0600 (Central Standard Time): GET /sires
Mon Nov 26 2018 11:16:29 GMT-0600 (Central Standard Time): GET /
Sun Dec 02 2018 10:57:26 GMT-0600 (Central Standard Time): GET /
Sun Dec 02 2018 10:57:29 GMT-0600 (Central Standard Time): GET /sires
